<?xml version="1.0" encoding="UTF-8"?>
<!-- Generated by org.testng.reporters.JUnitReportReporter -->
<testsuite hostname="Nitish-PC" failures="0" tests="6" name="Test.SpringTest.testSce" time="55.418" errors="0" timestamp="2024-10-04T18:30:33 IST" skipped="0">
  <testcase classname="Test.SpringTest.testSce" name="positiveAllFields" time="9.546"/>
  <testcase classname="Test.SpringTest.testSce" name="positiveAllFields" time="9.268"/>
  <testcase classname="Test.SpringTest.testSce" name="positiveAllFields" time="9.529"/>
  <testcase classname="Test.SpringTest.testSce" name="positiveAllFields" time="8.442"/>
  <testcase classname="Test.SpringTest.testSce" name="positiveAllFields" time="8.406"/>
  <testcase classname="Test.SpringTest.testSce" name="positiveAllFields" time="10.227"/>
</testsuite> <!-- Test.SpringTest.testSce -->
